
*** Running vivado
    with args -log mips_fpga.vds -m64 -product Vivado -mode batch -messageDb vivado.pb -notrace -source mips_fpga.tcl


****** Vivado v2019.1 (64-bit)
  **** SW Build 2552052 on Fri May 24 14:49:42 MDT 2019
  **** IP Build 2548770 on Fri May 24 18:01:18 MDT 2019
    ** Copyright 1986-2019 Xilinx, Inc. All Rights Reserved.

source mips_fpga.tcl -notrace
Command: synth_design -top mips_fpga -part xc7a35tcpg236-1
Starting synth_design
Attempting to get a license for feature 'Synthesis' and/or device 'xc7a35t'
INFO: [Common 17-349] Got license for feature 'Synthesis' and/or device 'xc7a35t'
INFO: [Device 21-403] Loading part xc7a35tcpg236-1
INFO: Launching helper process for spawning children vivado processes
INFO: Helper process launched with PID 13760 
---------------------------------------------------------------------------------
Starting RTL Elaboration : Time (s): cpu = 00:00:03 ; elapsed = 00:00:03 . Memory (MB): peak = 673.270 ; gain = 178.094
---------------------------------------------------------------------------------
INFO: [Synth 8-6157] synthesizing module 'mips_fpga' [C:/Users/aliza/Documents/cmpe_140/assignment_6/assignment_6.srcs/sources_1/imports/Downloads/basys3_single_cycle_mips_validation/basys3_single_cycle_mips_validation/mips_fpga.v:1]
INFO: [Synth 8-6157] synthesizing module 'clk_gen' [C:/Users/aliza/Documents/cmpe_140/assignment_6/assignment_6.srcs/sources_1/imports/Downloads/basys3_single_cycle_mips_validation/basys3_single_cycle_mips_validation/clk_gen.v:1]
INFO: [Synth 8-6155] done synthesizing module 'clk_gen' (1#1) [C:/Users/aliza/Documents/cmpe_140/assignment_6/assignment_6.srcs/sources_1/imports/Downloads/basys3_single_cycle_mips_validation/basys3_single_cycle_mips_validation/clk_gen.v:1]
INFO: [Synth 8-6157] synthesizing module 'button_debouncer' [C:/Users/aliza/Documents/cmpe_140/assignment_6/assignment_6.srcs/sources_1/imports/Downloads/basys3_single_cycle_mips_validation/basys3_single_cycle_mips_validation/button_debouncer.v:1]
	Parameter depth bound to: 16 - type: integer 
	Parameter history_max bound to: 65535 - type: integer 
INFO: [Synth 8-6155] done synthesizing module 'button_debouncer' (2#1) [C:/Users/aliza/Documents/cmpe_140/assignment_6/assignment_6.srcs/sources_1/imports/Downloads/basys3_single_cycle_mips_validation/basys3_single_cycle_mips_validation/button_debouncer.v:1]
INFO: [Synth 8-6157] synthesizing module 'mips_top' [C:/Users/aliza/Documents/cmpe_140/assignment_6/assignment_6.srcs/sources_1/imports/Downloads/lab5_processor_design_1/lab5_processor_design_1/single_cycle_mips_source_initial/mips/mips_top.v:1]
INFO: [Synth 8-6157] synthesizing module 'mips' [C:/Users/aliza/Documents/cmpe_140/assignment_6/assignment_6.srcs/sources_1/imports/Downloads/lab5_processor_design_1/lab5_processor_design_1/single_cycle_mips_source_initial/mips/mips.v:1]
INFO: [Synth 8-6157] synthesizing module 'datapath' [C:/Users/aliza/Documents/cmpe_140/assignment_6/assignment_6.srcs/sources_1/imports/Downloads/lab5_processor_design_1/lab5_processor_design_1/single_cycle_mips_source_initial/datapath/datapath.v:1]
INFO: [Synth 8-6157] synthesizing module 'adder' [C:/Users/aliza/Documents/cmpe_140/assignment_6/assignment_6.srcs/sources_1/imports/Downloads/lab5_processor_design_1/lab5_processor_design_1/single_cycle_mips_source_initial/datapath/adder.v:1]
INFO: [Synth 8-6155] done synthesizing module 'adder' (3#1) [C:/Users/aliza/Documents/cmpe_140/assignment_6/assignment_6.srcs/sources_1/imports/Downloads/lab5_processor_design_1/lab5_processor_design_1/single_cycle_mips_source_initial/datapath/adder.v:1]
INFO: [Synth 8-6157] synthesizing module 'mux2' [C:/Users/aliza/Documents/cmpe_140/assignment_6/assignment_6.srcs/sources_1/imports/Downloads/lab5_processor_design_1/lab5_processor_design_1/single_cycle_mips_source_initial/datapath/mux2.v:1]
	Parameter WIDTH bound to: 32 - type: integer 
INFO: [Synth 8-6155] done synthesizing module 'mux2' (4#1) [C:/Users/aliza/Documents/cmpe_140/assignment_6/assignment_6.srcs/sources_1/imports/Downloads/lab5_processor_design_1/lab5_processor_design_1/single_cycle_mips_source_initial/datapath/mux2.v:1]
INFO: [Synth 8-6157] synthesizing module 'dreg' [C:/Users/aliza/Documents/cmpe_140/assignment_6/assignment_6.srcs/sources_1/imports/Downloads/lab5_processor_design_1/lab5_processor_design_1/single_cycle_mips_source_initial/datapath/dreg.v:1]
	Parameter WIDTH bound to: 32 - type: integer 
INFO: [Synth 8-6155] done synthesizing module 'dreg' (5#1) [C:/Users/aliza/Documents/cmpe_140/assignment_6/assignment_6.srcs/sources_1/imports/Downloads/lab5_processor_design_1/lab5_processor_design_1/single_cycle_mips_source_initial/datapath/dreg.v:1]
WARNING: [Synth 8-6104] Input port 'pc_current' has an internal driver [C:/Users/aliza/Documents/cmpe_140/assignment_6/assignment_6.srcs/sources_1/imports/Downloads/lab5_processor_design_1/lab5_processor_design_1/single_cycle_mips_source_initial/datapath/datapath.v:47]
INFO: [Synth 8-6157] synthesizing module 'mux2__parameterized0' [C:/Users/aliza/Documents/cmpe_140/assignment_6/assignment_6.srcs/sources_1/imports/Downloads/lab5_processor_design_1/lab5_processor_design_1/single_cycle_mips_source_initial/datapath/mux2.v:1]
	Parameter WIDTH bound to: 5 - type: integer 
INFO: [Synth 8-6155] done synthesizing module 'mux2__parameterized0' (5#1) [C:/Users/aliza/Documents/cmpe_140/assignment_6/assignment_6.srcs/sources_1/imports/Downloads/lab5_processor_design_1/lab5_processor_design_1/single_cycle_mips_source_initial/datapath/mux2.v:1]
INFO: [Synth 8-6157] synthesizing module 'regfile' [C:/Users/aliza/Documents/cmpe_140/assignment_6/assignment_6.srcs/sources_1/imports/Downloads/lab5_processor_design_1/lab5_processor_design_1/single_cycle_mips_source_initial/datapath/regfile.v:1]
INFO: [Synth 8-6155] done synthesizing module 'regfile' (6#1) [C:/Users/aliza/Documents/cmpe_140/assignment_6/assignment_6.srcs/sources_1/imports/Downloads/lab5_processor_design_1/lab5_processor_design_1/single_cycle_mips_source_initial/datapath/regfile.v:1]
WARNING: [Synth 8-6104] Input port 'rd3' has an internal driver [C:/Users/aliza/Documents/cmpe_140/assignment_6/assignment_6.srcs/sources_1/imports/Downloads/lab5_processor_design_1/lab5_processor_design_1/single_cycle_mips_source_initial/datapath/datapath.v:69]
WARNING: [Synth 8-689] width (5) of port connection 'r31' does not match port width (32) of module 'regfile' [C:/Users/aliza/Documents/cmpe_140/assignment_6/assignment_6.srcs/sources_1/imports/Downloads/lab5_processor_design_1/lab5_processor_design_1/single_cycle_mips_source_initial/datapath/datapath.v:69]
INFO: [Synth 8-6157] synthesizing module 'signext' [C:/Users/aliza/Documents/cmpe_140/assignment_6/assignment_6.srcs/sources_1/imports/Downloads/lab5_processor_design_1/lab5_processor_design_1/single_cycle_mips_source_initial/datapath/signext.v:1]
INFO: [Synth 8-6155] done synthesizing module 'signext' (7#1) [C:/Users/aliza/Documents/cmpe_140/assignment_6/assignment_6.srcs/sources_1/imports/Downloads/lab5_processor_design_1/lab5_processor_design_1/single_cycle_mips_source_initial/datapath/signext.v:1]
INFO: [Synth 8-6157] synthesizing module 'alu' [C:/Users/aliza/Documents/cmpe_140/assignment_6/assignment_6.srcs/sources_1/imports/Downloads/lab5_processor_design_1/lab5_processor_design_1/single_cycle_mips_source_initial/datapath/alu.v:1]
INFO: [Synth 8-155] case statement is not full and has no default [C:/Users/aliza/Documents/cmpe_140/assignment_6/assignment_6.srcs/sources_1/imports/Downloads/lab5_processor_design_1/lab5_processor_design_1/single_cycle_mips_source_initial/datapath/alu.v:14]
WARNING: [Synth 8-567] referenced signal 'shift' should be on the sensitivity list [C:/Users/aliza/Documents/cmpe_140/assignment_6/assignment_6.srcs/sources_1/imports/Downloads/lab5_processor_design_1/lab5_processor_design_1/single_cycle_mips_source_initial/datapath/alu.v:12]
INFO: [Synth 8-6155] done synthesizing module 'alu' (8#1) [C:/Users/aliza/Documents/cmpe_140/assignment_6/assignment_6.srcs/sources_1/imports/Downloads/lab5_processor_design_1/lab5_processor_design_1/single_cycle_mips_source_initial/datapath/alu.v:1]
WARNING: [Synth 8-6104] Input port 'alu_out' has an internal driver [C:/Users/aliza/Documents/cmpe_140/assignment_6/assignment_6.srcs/sources_1/imports/Downloads/lab5_processor_design_1/lab5_processor_design_1/single_cycle_mips_source_initial/datapath/datapath.v:85]
WARNING: [Synth 8-7023] instance 'alu' of module 'alu' has 8 connections declared, but only 6 given [C:/Users/aliza/Documents/cmpe_140/assignment_6/assignment_6.srcs/sources_1/imports/Downloads/lab5_processor_design_1/lab5_processor_design_1/single_cycle_mips_source_initial/datapath/datapath.v:83]
INFO: [Synth 8-6157] synthesizing module 'reg_32' [C:/Users/aliza/Documents/cmpe_140/assignment_6/assignment_6.srcs/sources_1/new/reg.v:1]
INFO: [Synth 8-6155] done synthesizing module 'reg_32' (9#1) [C:/Users/aliza/Documents/cmpe_140/assignment_6/assignment_6.srcs/sources_1/new/reg.v:1]
INFO: [Synth 8-6155] done synthesizing module 'datapath' (10#1) [C:/Users/aliza/Documents/cmpe_140/assignment_6/assignment_6.srcs/sources_1/imports/Downloads/lab5_processor_design_1/lab5_processor_design_1/single_cycle_mips_source_initial/datapath/datapath.v:1]
INFO: [Synth 8-6157] synthesizing module 'controlunit' [C:/Users/aliza/Documents/cmpe_140/assignment_6/assignment_6.srcs/sources_1/imports/Downloads/lab5_processor_design_1/lab5_processor_design_1/single_cycle_mips_source_initial/control_unit/controlunit.v:1]
INFO: [Synth 8-6157] synthesizing module 'maindec' [C:/Users/aliza/Documents/cmpe_140/assignment_6/assignment_6.srcs/sources_1/imports/Downloads/lab5_processor_design_1/lab5_processor_design_1/single_cycle_mips_source_initial/control_unit/maindec.v:1]
INFO: [Synth 8-6155] done synthesizing module 'maindec' (11#1) [C:/Users/aliza/Documents/cmpe_140/assignment_6/assignment_6.srcs/sources_1/imports/Downloads/lab5_processor_design_1/lab5_processor_design_1/single_cycle_mips_source_initial/control_unit/maindec.v:1]
INFO: [Synth 8-6157] synthesizing module 'auxdec' [C:/Users/aliza/Documents/cmpe_140/assignment_6/assignment_6.srcs/sources_1/imports/Downloads/lab5_processor_design_1/lab5_processor_design_1/single_cycle_mips_source_initial/control_unit/auxdec.v:1]
WARNING: [Synth 8-151] case item 6'b010000 is unreachable [C:/Users/aliza/Documents/cmpe_140/assignment_6/assignment_6.srcs/sources_1/imports/Downloads/lab5_processor_design_1/lab5_processor_design_1/single_cycle_mips_source_initial/control_unit/auxdec.v:35]
WARNING: [Synth 8-151] case item 6'b010010 is unreachable [C:/Users/aliza/Documents/cmpe_140/assignment_6/assignment_6.srcs/sources_1/imports/Downloads/lab5_processor_design_1/lab5_processor_design_1/single_cycle_mips_source_initial/control_unit/auxdec.v:35]
INFO: [Synth 8-6155] done synthesizing module 'auxdec' (12#1) [C:/Users/aliza/Documents/cmpe_140/assignment_6/assignment_6.srcs/sources_1/imports/Downloads/lab5_processor_design_1/lab5_processor_design_1/single_cycle_mips_source_initial/control_unit/auxdec.v:1]
INFO: [Synth 8-6155] done synthesizing module 'controlunit' (13#1) [C:/Users/aliza/Documents/cmpe_140/assignment_6/assignment_6.srcs/sources_1/imports/Downloads/lab5_processor_design_1/lab5_processor_design_1/single_cycle_mips_source_initial/control_unit/controlunit.v:1]
WARNING: [Synth 8-689] width (1) of port connection 'shift_op' does not match port width (2) of module 'controlunit' [C:/Users/aliza/Documents/cmpe_140/assignment_6/assignment_6.srcs/sources_1/imports/Downloads/lab5_processor_design_1/lab5_processor_design_1/single_cycle_mips_source_initial/mips/mips.v:28]
WARNING: [Synth 8-3848] Net pc_current in module/entity mips does not have driver. [C:/Users/aliza/Documents/cmpe_140/assignment_6/assignment_6.srcs/sources_1/imports/Downloads/lab5_processor_design_1/lab5_processor_design_1/single_cycle_mips_source_initial/mips/mips.v:6]
WARNING: [Synth 8-3848] Net alu_out in module/entity mips does not have driver. [C:/Users/aliza/Documents/cmpe_140/assignment_6/assignment_6.srcs/sources_1/imports/Downloads/lab5_processor_design_1/lab5_processor_design_1/single_cycle_mips_source_initial/mips/mips.v:6]
WARNING: [Synth 8-3848] Net rd3 in module/entity mips does not have driver. [C:/Users/aliza/Documents/cmpe_140/assignment_6/assignment_6.srcs/sources_1/imports/Downloads/lab5_processor_design_1/lab5_processor_design_1/single_cycle_mips_source_initial/mips/mips.v:6]
WARNING: [Synth 8-3848] Net reg_dst_3 in module/entity mips does not have driver. [C:/Users/aliza/Documents/cmpe_140/assignment_6/assignment_6.srcs/sources_1/imports/Downloads/lab5_processor_design_1/lab5_processor_design_1/single_cycle_mips_source_initial/mips/mips.v:9]
INFO: [Synth 8-6155] done synthesizing module 'mips' (14#1) [C:/Users/aliza/Documents/cmpe_140/assignment_6/assignment_6.srcs/sources_1/imports/Downloads/lab5_processor_design_1/lab5_processor_design_1/single_cycle_mips_source_initial/mips/mips.v:1]
INFO: [Synth 8-6157] synthesizing module 'imem' [C:/Users/aliza/Documents/cmpe_140/assignment_6/assignment_6.srcs/sources_1/imports/Downloads/lab5_processor_design_1/lab5_processor_design_1/single_cycle_mips_source_initial/memory/imem.v:1]
INFO: [Synth 8-3876] $readmem data file 'memfile.dat' is read successfully [C:/Users/aliza/Documents/cmpe_140/assignment_6/assignment_6.srcs/sources_1/imports/Downloads/lab5_processor_design_1/lab5_processor_design_1/single_cycle_mips_source_initial/memory/imem.v:9]
INFO: [Synth 8-6155] done synthesizing module 'imem' (15#1) [C:/Users/aliza/Documents/cmpe_140/assignment_6/assignment_6.srcs/sources_1/imports/Downloads/lab5_processor_design_1/lab5_processor_design_1/single_cycle_mips_source_initial/memory/imem.v:1]
INFO: [Synth 8-6157] synthesizing module 'dmem' [C:/Users/aliza/Documents/cmpe_140/assignment_6/assignment_6.srcs/sources_1/imports/Downloads/lab5_processor_design_1/lab5_processor_design_1/single_cycle_mips_source_initial/memory/dmem.v:1]
INFO: [Synth 8-6155] done synthesizing module 'dmem' (16#1) [C:/Users/aliza/Documents/cmpe_140/assignment_6/assignment_6.srcs/sources_1/imports/Downloads/lab5_processor_design_1/lab5_processor_design_1/single_cycle_mips_source_initial/memory/dmem.v:1]
INFO: [Synth 8-6155] done synthesizing module 'mips_top' (17#1) [C:/Users/aliza/Documents/cmpe_140/assignment_6/assignment_6.srcs/sources_1/imports/Downloads/lab5_processor_design_1/lab5_processor_design_1/single_cycle_mips_source_initial/mips/mips_top.v:1]
INFO: [Synth 8-6157] synthesizing module 'hex_to_7seg' [C:/Users/aliza/Documents/cmpe_140/assignment_6/assignment_6.srcs/sources_1/imports/Downloads/basys3_single_cycle_mips_validation/basys3_single_cycle_mips_validation/hex_to_7seg.v:1]
INFO: [Synth 8-226] default block is never used [C:/Users/aliza/Documents/cmpe_140/assignment_6/assignment_6.srcs/sources_1/imports/Downloads/basys3_single_cycle_mips_validation/basys3_single_cycle_mips_validation/hex_to_7seg.v:7]
INFO: [Synth 8-6155] done synthesizing module 'hex_to_7seg' (18#1) [C:/Users/aliza/Documents/cmpe_140/assignment_6/assignment_6.srcs/sources_1/imports/Downloads/basys3_single_cycle_mips_validation/basys3_single_cycle_mips_validation/hex_to_7seg.v:1]
INFO: [Synth 8-6157] synthesizing module 'led_mux' [C:/Users/aliza/Documents/cmpe_140/assignment_6/assignment_6.srcs/sources_1/imports/Downloads/basys3_single_cycle_mips_validation/basys3_single_cycle_mips_validation/led_mux.v:1]
INFO: [Synth 8-226] default block is never used [C:/Users/aliza/Documents/cmpe_140/assignment_6/assignment_6.srcs/sources_1/imports/Downloads/basys3_single_cycle_mips_validation/basys3_single_cycle_mips_validation/led_mux.v:20]
INFO: [Synth 8-6155] done synthesizing module 'led_mux' (19#1) [C:/Users/aliza/Documents/cmpe_140/assignment_6/assignment_6.srcs/sources_1/imports/Downloads/basys3_single_cycle_mips_validation/basys3_single_cycle_mips_validation/led_mux.v:1]
INFO: [Synth 8-6155] done synthesizing module 'mips_fpga' (20#1) [C:/Users/aliza/Documents/cmpe_140/assignment_6/assignment_6.srcs/sources_1/imports/Downloads/basys3_single_cycle_mips_validation/basys3_single_cycle_mips_validation/mips_fpga.v:1]
WARNING: [Synth 8-3331] design datapath has unconnected port reg_dst_3
WARNING: [Synth 8-3331] design datapath has unconnected port instr[31]
WARNING: [Synth 8-3331] design datapath has unconnected port instr[30]
WARNING: [Synth 8-3331] design datapath has unconnected port instr[29]
WARNING: [Synth 8-3331] design datapath has unconnected port instr[28]
WARNING: [Synth 8-3331] design datapath has unconnected port instr[27]
WARNING: [Synth 8-3331] design datapath has unconnected port instr[26]
---------------------------------------------------------------------------------
Finished RTL Elaboration : Time (s): cpu = 00:00:04 ; elapsed = 00:00:05 . Memory (MB): peak = 737.906 ; gain = 242.730
---------------------------------------------------------------------------------

Report Check Netlist: 
+------+------------------+-------+---------+-------+------------------+
|      |Item              |Errors |Warnings |Status |Description       |
+------+------------------+-------+---------+-------+------------------+
|1     |multi_driven_nets |      0|        0|Passed |Multi driven nets |
+------+------------------+-------+---------+-------+------------------+
---------------------------------------------------------------------------------
Start Handling Custom Attributes
---------------------------------------------------------------------------------
---------------------------------------------------------------------------------
Finished Handling Custom Attributes : Time (s): cpu = 00:00:05 ; elapsed = 00:00:05 . Memory (MB): peak = 737.906 ; gain = 242.730
---------------------------------------------------------------------------------
---------------------------------------------------------------------------------
Finished RTL Optimization Phase 1 : Time (s): cpu = 00:00:05 ; elapsed = 00:00:05 . Memory (MB): peak = 737.906 ; gain = 242.730
---------------------------------------------------------------------------------
INFO: [Project 1-570] Preparing netlist for logic optimization

Processing XDC Constraints
Initializing timing engine
Parsing XDC File [C:/Users/aliza/Documents/cmpe_140/assignment_6/assignment_6.srcs/constrs_1/imports/basys3_single_cycle_mips_validation/mips_fpga.xdc]
Finished Parsing XDC File [C:/Users/aliza/Documents/cmpe_140/assignment_6/assignment_6.srcs/constrs_1/imports/basys3_single_cycle_mips_validation/mips_fpga.xdc]
INFO: [Project 1-236] Implementation specific constraints were found while reading constraint file [C:/Users/aliza/Documents/cmpe_140/assignment_6/assignment_6.srcs/constrs_1/imports/basys3_single_cycle_mips_validation/mips_fpga.xdc]. These constraints will be ignored for synthesis but will be used in implementation. Impacted constraints are listed in the file [.Xil/mips_fpga_propImpl.xdc].
Resolution: To avoid this warning, move constraints listed in [.Xil/mips_fpga_propImpl.xdc] to another XDC file and exclude this new file from synthesis with the used_in_synthesis property (File Properties dialog in GUI) and re-run elaboration/synthesis.
Completed Processing XDC Constraints

Netlist sorting complete. Time (s): cpu = 00:00:00 ; elapsed = 00:00:00 . Memory (MB): peak = 866.289 ; gain = 0.000
INFO: [Project 1-111] Unisim Transformation Summary:
No Unisim elements were transformed.

Constraint Validation Runtime : Time (s): cpu = 00:00:00 ; elapsed = 00:00:00.011 . Memory (MB): peak = 866.289 ; gain = 0.000
---------------------------------------------------------------------------------
Finished Constraint Validation : Time (s): cpu = 00:00:10 ; elapsed = 00:00:11 . Memory (MB): peak = 866.289 ; gain = 371.113
---------------------------------------------------------------------------------
---------------------------------------------------------------------------------
Start Loading Part and Timing Information
---------------------------------------------------------------------------------
Loading part: xc7a35tcpg236-1
---------------------------------------------------------------------------------
Finished Loading Part and Timing Information : Time (s): cpu = 00:00:10 ; elapsed = 00:00:11 . Memory (MB): peak = 866.289 ; gain = 371.113
---------------------------------------------------------------------------------
---------------------------------------------------------------------------------
Start Applying 'set_property' XDC Constraints
---------------------------------------------------------------------------------
---------------------------------------------------------------------------------
Finished applying 'set_property' XDC Constraints : Time (s): cpu = 00:00:10 ; elapsed = 00:00:11 . Memory (MB): peak = 866.289 ; gain = 371.113
---------------------------------------------------------------------------------
INFO: [Synth 8-5546] ROM "aux_ctrl" won't be mapped to RAM because it is too sparse
INFO: [Synth 8-5587] ROM size for "ctrl" is below threshold of ROM address width. It will be mapped to LUTs
INFO: [Synth 8-5546] ROM "rom" won't be mapped to RAM because it is too sparse
WARNING: [Synth 8-327] inferring latch for variable 'y_reg' [C:/Users/aliza/Documents/cmpe_140/assignment_6/assignment_6.srcs/sources_1/imports/Downloads/lab5_processor_design_1/lab5_processor_design_1/single_cycle_mips_source_initial/datapath/alu.v:11]
WARNING: [Synth 8-327] inferring latch for variable 'mult_out_reg' [C:/Users/aliza/Documents/cmpe_140/assignment_6/assignment_6.srcs/sources_1/imports/Downloads/lab5_processor_design_1/lab5_processor_design_1/single_cycle_mips_source_initial/datapath/alu.v:19]
WARNING: [Synth 8-327] inferring latch for variable 'ctrl_reg' [C:/Users/aliza/Documents/cmpe_140/assignment_6/assignment_6.srcs/sources_1/imports/Downloads/lab5_processor_design_1/lab5_processor_design_1/single_cycle_mips_source_initial/control_unit/auxdec.v:12]
---------------------------------------------------------------------------------
Finished RTL Optimization Phase 2 : Time (s): cpu = 00:00:11 ; elapsed = 00:00:12 . Memory (MB): peak = 866.289 ; gain = 371.113
---------------------------------------------------------------------------------

Report RTL Partitions: 
+-+--------------+------------+----------+
| |RTL Partition |Replication |Instances |
+-+--------------+------------+----------+
+-+--------------+------------+----------+
---------------------------------------------------------------------------------
Start RTL Component Statistics 
---------------------------------------------------------------------------------
Detailed RTL Component Info : 
+---Adders : 
	   2 Input     32 Bit       Adders := 5     
	   3 Input     32 Bit       Adders := 1     
	   2 Input      2 Bit       Adders := 1     
+---Registers : 
	               32 Bit    Registers := 37    
	               16 Bit    Registers := 2     
	                2 Bit    Registers := 1     
	                1 Bit    Registers := 3     
+---Multipliers : 
	                32x32  Multipliers := 1     
+---Muxes : 
	   2 Input     32 Bit        Muxes := 10    
	  33 Input     32 Bit        Muxes := 3     
	   3 Input     32 Bit        Muxes := 1     
	  24 Input     32 Bit        Muxes := 1     
	   4 Input     12 Bit        Muxes := 1     
	   8 Input      8 Bit        Muxes := 1     
	  12 Input      7 Bit        Muxes := 1     
	   2 Input      5 Bit        Muxes := 2     
	  12 Input      3 Bit        Muxes := 1     
	   2 Input      1 Bit        Muxes := 33    
	   9 Input      1 Bit        Muxes := 2     
	  12 Input      1 Bit        Muxes := 1     
---------------------------------------------------------------------------------
Finished RTL Component Statistics 
---------------------------------------------------------------------------------
---------------------------------------------------------------------------------
Start RTL Hierarchical Component Statistics 
---------------------------------------------------------------------------------
Hierarchical RTL Component report 
Module mips_fpga 
Detailed RTL Component Info : 
+---Registers : 
	               16 Bit    Registers := 1     
Module clk_gen 
Detailed RTL Component Info : 
+---Adders : 
	   2 Input     32 Bit       Adders := 2     
+---Registers : 
	               32 Bit    Registers := 2     
	                1 Bit    Registers := 2     
+---Muxes : 
	   2 Input     32 Bit        Muxes := 2     
Module button_debouncer 
Detailed RTL Component Info : 
+---Registers : 
	               16 Bit    Registers := 1     
	                1 Bit    Registers := 1     
Module adder 
Detailed RTL Component Info : 
+---Adders : 
	   2 Input     32 Bit       Adders := 1     
Module mux2 
Detailed RTL Component Info : 
+---Muxes : 
	   2 Input     32 Bit        Muxes := 1     
Module dreg 
Detailed RTL Component Info : 
+---Registers : 
	               32 Bit    Registers := 1     
Module mux2__parameterized0 
Detailed RTL Component Info : 
+---Muxes : 
	   2 Input      5 Bit        Muxes := 1     
Module regfile 
Detailed RTL Component Info : 
+---Registers : 
	               32 Bit    Registers := 32    
+---Muxes : 
	  33 Input     32 Bit        Muxes := 3     
	   2 Input      1 Bit        Muxes := 32    
Module alu 
Detailed RTL Component Info : 
+---Adders : 
	   2 Input     32 Bit       Adders := 1     
	   3 Input     32 Bit       Adders := 1     
+---Multipliers : 
	                32x32  Multipliers := 1     
+---Muxes : 
	   3 Input     32 Bit        Muxes := 1     
	   9 Input      1 Bit        Muxes := 2     
Module reg_32 
Detailed RTL Component Info : 
+---Registers : 
	               32 Bit    Registers := 1     
Module maindec 
Detailed RTL Component Info : 
+---Muxes : 
	   8 Input      8 Bit        Muxes := 1     
Module auxdec 
Detailed RTL Component Info : 
+---Muxes : 
	  12 Input      7 Bit        Muxes := 1     
	  12 Input      3 Bit        Muxes := 1     
	   2 Input      1 Bit        Muxes := 1     
	  12 Input      1 Bit        Muxes := 1     
Module imem 
Detailed RTL Component Info : 
+---Muxes : 
	  24 Input     32 Bit        Muxes := 1     
Module led_mux 
Detailed RTL Component Info : 
+---Adders : 
	   2 Input      2 Bit       Adders := 1     
+---Registers : 
	                2 Bit    Registers := 1     
+---Muxes : 
	   4 Input     12 Bit        Muxes := 1     
---------------------------------------------------------------------------------
Finished RTL Hierarchical Component Statistics
---------------------------------------------------------------------------------
---------------------------------------------------------------------------------
Start Part Resource Summary
---------------------------------------------------------------------------------
Part Resources:
DSPs: 90 (col length:60)
BRAMs: 100 (col length: RAMB18 60 RAMB36 30)
---------------------------------------------------------------------------------
Finished Part Resource Summary
---------------------------------------------------------------------------------
---------------------------------------------------------------------------------
Start Cross Boundary and Area Optimization
---------------------------------------------------------------------------------
Warning: Parallel synthesis criteria is not met 
INFO: [Synth 8-5845] Not enough pipeline registers after wide multiplier. Recommended levels of pipeline registers is 4 [C:/Users/aliza/Documents/cmpe_140/assignment_6/assignment_6.srcs/sources_1/imports/Downloads/lab5_processor_design_1/lab5_processor_design_1/single_cycle_mips_source_initial/datapath/alu.v:19]
DSP Report: Generating DSP mips/dp/alu/mult_out0, operation Mode is: A*B.
DSP Report: operator mips/dp/alu/mult_out0 is absorbed into DSP mips/dp/alu/mult_out0.
DSP Report: operator mips/dp/alu/mult_out0 is absorbed into DSP mips/dp/alu/mult_out0.
DSP Report: Generating DSP mips/dp/alu/mult_out0, operation Mode is: (PCIN>>17)+A*B.
DSP Report: operator mips/dp/alu/mult_out0 is absorbed into DSP mips/dp/alu/mult_out0.
DSP Report: operator mips/dp/alu/mult_out0 is absorbed into DSP mips/dp/alu/mult_out0.
DSP Report: Generating DSP mips/dp/alu/mult_out0, operation Mode is: A*B.
DSP Report: operator mips/dp/alu/mult_out0 is absorbed into DSP mips/dp/alu/mult_out0.
DSP Report: operator mips/dp/alu/mult_out0 is absorbed into DSP mips/dp/alu/mult_out0.
DSP Report: Generating DSP mips/dp/alu/mult_out0, operation Mode is: (PCIN>>17)+A*B.
DSP Report: operator mips/dp/alu/mult_out0 is absorbed into DSP mips/dp/alu/mult_out0.
DSP Report: operator mips/dp/alu/mult_out0 is absorbed into DSP mips/dp/alu/mult_out0.
---------------------------------------------------------------------------------
Finished Cross Boundary and Area Optimization : Time (s): cpu = 00:00:27 ; elapsed = 00:00:28 . Memory (MB): peak = 866.289 ; gain = 371.113
---------------------------------------------------------------------------------
---------------------------------------------------------------------------------
Start ROM, RAM, DSP and Shift Register Reporting
---------------------------------------------------------------------------------

Distributed RAM: Preliminary Mapping  Report (see note below)
+------------+-----------------------+-----------+----------------------+-----------------+
|Module Name | RTL Object            | Inference | Size (Depth x Width) | Primitives      | 
+------------+-----------------------+-----------+----------------------+-----------------+
|mips_fpga   | mips_top/dmem/ram_reg | Implied   | 64 x 32              | RAM64X1S x 32   | 
+------------+-----------------------+-----------+----------------------+-----------------+

Note: The table above is a preliminary report that shows the Distributed RAMs at the current stage of the synthesis flow. Some Distributed RAMs may be reimplemented as non Distributed RAM primitives later in the synthesis flow. Multiple instantiated RAMs are reported only once.

DSP: Preliminary Mapping  Report (see note below)
+------------+----------------+--------+--------+--------+--------+--------+------+------+------+------+-------+------+------+
|Module Name | DSP Mapping    | A Size | B Size | C Size | D Size | P Size | AREG | BREG | CREG | DREG | ADREG | MREG | PREG | 
+------------+----------------+--------+--------+--------+--------+--------+------+------+------+------+-------+------+------+
|mips_top    | A*B            | 18     | 16     | -      | -      | 48     | 0    | 0    | -    | -    | -     | 0    | 0    | 
|mips_top    | (PCIN>>17)+A*B | 16     | 16     | -      | -      | 48     | 0    | 0    | -    | -    | -     | 0    | 0    | 
|mips_top    | A*B            | 18     | 18     | -      | -      | 48     | 0    | 0    | -    | -    | -     | 0    | 0    | 
|mips_top    | (PCIN>>17)+A*B | 18     | 16     | -      | -      | 48     | 0    | 0    | -    | -    | -     | 0    | 0    | 
+------------+----------------+--------+--------+--------+--------+--------+------+------+------+------+-------+------+------+

Note: The table above is a preliminary report that shows the DSPs inferred at the current stage of the synthesis flow. Some DSP may be reimplemented as non DSP primitives later in the synthesis flow. Multiple instantiated DSPs are reported only once.
---------------------------------------------------------------------------------
Finished ROM, RAM, DSP and Shift Register Reporting
---------------------------------------------------------------------------------

Report RTL Partitions: 
+-+--------------+------------+----------+
| |RTL Partition |Replication |Instances |
+-+--------------+------------+----------+
+-+--------------+------------+----------+
---------------------------------------------------------------------------------
Start Applying XDC Timing Constraints
---------------------------------------------------------------------------------
---------------------------------------------------------------------------------
Finished Applying XDC Timing Constraints : Time (s): cpu = 00:00:38 ; elapsed = 00:00:39 . Memory (MB): peak = 882.828 ; gain = 387.652
---------------------------------------------------------------------------------
---------------------------------------------------------------------------------
Start Timing Optimization
---------------------------------------------------------------------------------
---------------------------------------------------------------------------------
Finished Timing Optimization : Time (s): cpu = 00:00:38 ; elapsed = 00:00:39 . Memory (MB): peak = 904.691 ; gain = 409.516
---------------------------------------------------------------------------------
---------------------------------------------------------------------------------
Start ROM, RAM, DSP and Shift Register Reporting
---------------------------------------------------------------------------------

Distributed RAM: Final Mapping  Report
+------------+-----------------------+-----------+----------------------+-----------------+
|Module Name | RTL Object            | Inference | Size (Depth x Width) | Primitives      | 
+------------+-----------------------+-----------+----------------------+-----------------+
|mips_fpga   | mips_top/dmem/ram_reg | Implied   | 64 x 32              | RAM64X1S x 32   | 
+------------+-----------------------+-----------+----------------------+-----------------+

---------------------------------------------------------------------------------
Finished ROM, RAM, DSP and Shift Register Reporting
---------------------------------------------------------------------------------

Report RTL Partitions: 
+-+--------------+------------+----------+
| |RTL Partition |Replication |Instances |
+-+--------------+------------+----------+
+-+--------------+------------+----------+
---------------------------------------------------------------------------------
Start Technology Mapping
---------------------------------------------------------------------------------
WARNING: [Synth 8-3332] Sequential element (mips_top/mips/dp/alu/mult_out_reg[63]) is unused and will be removed from module mips_fpga.
WARNING: [Synth 8-3332] Sequential element (mips_top/mips/dp/alu/mult_out_reg[62]) is unused and will be removed from module mips_fpga.
WARNING: [Synth 8-3332] Sequential element (mips_top/mips/dp/alu/mult_out_reg[61]) is unused and will be removed from module mips_fpga.
WARNING: [Synth 8-3332] Sequential element (mips_top/mips/dp/alu/mult_out_reg[60]) is unused and will be removed from module mips_fpga.
WARNING: [Synth 8-3332] Sequential element (mips_top/mips/dp/alu/mult_out_reg[59]) is unused and will be removed from module mips_fpga.
WARNING: [Synth 8-3332] Sequential element (mips_top/mips/dp/alu/mult_out_reg[58]) is unused and will be removed from module mips_fpga.
WARNING: [Synth 8-3332] Sequential element (mips_top/mips/dp/alu/mult_out_reg[57]) is unused and will be removed from module mips_fpga.
WARNING: [Synth 8-3332] Sequential element (mips_top/mips/dp/alu/mult_out_reg[56]) is unused and will be removed from module mips_fpga.
WARNING: [Synth 8-3332] Sequential element (mips_top/mips/dp/alu/mult_out_reg[55]) is unused and will be removed from module mips_fpga.
WARNING: [Synth 8-3332] Sequential element (mips_top/mips/dp/alu/mult_out_reg[54]) is unused and will be removed from module mips_fpga.
WARNING: [Synth 8-3332] Sequential element (mips_top/mips/dp/alu/mult_out_reg[53]) is unused and will be removed from module mips_fpga.
WARNING: [Synth 8-3332] Sequential element (mips_top/mips/dp/alu/mult_out_reg[52]) is unused and will be removed from module mips_fpga.
WARNING: [Synth 8-3332] Sequential element (mips_top/mips/dp/alu/mult_out_reg[51]) is unused and will be removed from module mips_fpga.
WARNING: [Synth 8-3332] Sequential element (mips_top/mips/dp/alu/mult_out_reg[50]) is unused and will be removed from module mips_fpga.
WARNING: [Synth 8-3332] Sequential element (mips_top/mips/dp/alu/mult_out_reg[49]) is unused and will be removed from module mips_fpga.
WARNING: [Synth 8-3332] Sequential element (mips_top/mips/dp/alu/mult_out_reg[48]) is unused and will be removed from module mips_fpga.
WARNING: [Synth 8-3332] Sequential element (mips_top/mips/dp/alu/mult_out_reg[47]) is unused and will be removed from module mips_fpga.
WARNING: [Synth 8-3332] Sequential element (mips_top/mips/dp/alu/mult_out_reg[46]) is unused and will be removed from module mips_fpga.
WARNING: [Synth 8-3332] Sequential element (mips_top/mips/dp/alu/mult_out_reg[45]) is unused and will be removed from module mips_fpga.
WARNING: [Synth 8-3332] Sequential element (mips_top/mips/dp/alu/mult_out_reg[44]) is unused and will be removed from module mips_fpga.
WARNING: [Synth 8-3332] Sequential element (mips_top/mips/dp/alu/mult_out_reg[43]) is unused and will be removed from module mips_fpga.
WARNING: [Synth 8-3332] Sequential element (mips_top/mips/dp/alu/mult_out_reg[42]) is unused and will be removed from module mips_fpga.
WARNING: [Synth 8-3332] Sequential element (mips_top/mips/dp/alu/mult_out_reg[41]) is unused and will be removed from module mips_fpga.
WARNING: [Synth 8-3332] Sequential element (mips_top/mips/dp/alu/mult_out_reg[40]) is unused and will be removed from module mips_fpga.
WARNING: [Synth 8-3332] Sequential element (mips_top/mips/dp/alu/mult_out_reg[39]) is unused and will be removed from module mips_fpga.
WARNING: [Synth 8-3332] Sequential element (mips_top/mips/dp/alu/mult_out_reg[38]) is unused and will be removed from module mips_fpga.
WARNING: [Synth 8-3332] Sequential element (mips_top/mips/dp/alu/mult_out_reg[37]) is unused and will be removed from module mips_fpga.
WARNING: [Synth 8-3332] Sequential element (mips_top/mips/dp/alu/mult_out_reg[36]) is unused and will be removed from module mips_fpga.
WARNING: [Synth 8-3332] Sequential element (mips_top/mips/dp/alu/mult_out_reg[35]) is unused and will be removed from module mips_fpga.
WARNING: [Synth 8-3332] Sequential element (mips_top/mips/dp/alu/mult_out_reg[34]) is unused and will be removed from module mips_fpga.
WARNING: [Synth 8-3332] Sequential element (mips_top/mips/dp/alu/mult_out_reg[33]) is unused and will be removed from module mips_fpga.
WARNING: [Synth 8-3332] Sequential element (mips_top/mips/dp/alu/mult_out_reg[32]) is unused and will be removed from module mips_fpga.
---------------------------------------------------------------------------------
Finished Technology Mapping : Time (s): cpu = 00:00:39 ; elapsed = 00:00:40 . Memory (MB): peak = 912.453 ; gain = 417.277
---------------------------------------------------------------------------------

Report RTL Partitions: 
+-+--------------+------------+----------+
| |RTL Partition |Replication |Instances |
+-+--------------+------------+----------+
+-+--------------+------------+----------+
---------------------------------------------------------------------------------
Start IO Insertion
---------------------------------------------------------------------------------
---------------------------------------------------------------------------------
Start Flattening Before IO Insertion
---------------------------------------------------------------------------------
---------------------------------------------------------------------------------
Finished Flattening Before IO Insertion
---------------------------------------------------------------------------------
---------------------------------------------------------------------------------
Start Final Netlist Cleanup
---------------------------------------------------------------------------------
---------------------------------------------------------------------------------
Finished Final Netlist Cleanup
---------------------------------------------------------------------------------
---------------------------------------------------------------------------------
Finished IO Insertion : Time (s): cpu = 00:00:41 ; elapsed = 00:00:42 . Memory (MB): peak = 927.270 ; gain = 432.094
---------------------------------------------------------------------------------

Report Check Netlist: 
+------+------------------+-------+---------+-------+------------------+
|      |Item              |Errors |Warnings |Status |Description       |
+------+------------------+-------+---------+-------+------------------+
|1     |multi_driven_nets |      0|        0|Passed |Multi driven nets |
+------+------------------+-------+---------+-------+------------------+
---------------------------------------------------------------------------------
Start Renaming Generated Instances
---------------------------------------------------------------------------------
---------------------------------------------------------------------------------
Finished Renaming Generated Instances : Time (s): cpu = 00:00:41 ; elapsed = 00:00:42 . Memory (MB): peak = 927.270 ; gain = 432.094
---------------------------------------------------------------------------------

Report RTL Partitions: 
+-+--------------+------------+----------+
| |RTL Partition |Replication |Instances |
+-+--------------+------------+----------+
+-+--------------+------------+----------+
---------------------------------------------------------------------------------
Start Rebuilding User Hierarchy
---------------------------------------------------------------------------------
---------------------------------------------------------------------------------
Finished Rebuilding User Hierarchy : Time (s): cpu = 00:00:42 ; elapsed = 00:00:43 . Memory (MB): peak = 927.270 ; gain = 432.094
---------------------------------------------------------------------------------
---------------------------------------------------------------------------------
Start Renaming Generated Ports
---------------------------------------------------------------------------------
---------------------------------------------------------------------------------
Finished Renaming Generated Ports : Time (s): cpu = 00:00:42 ; elapsed = 00:00:43 . Memory (MB): peak = 927.270 ; gain = 432.094
---------------------------------------------------------------------------------
---------------------------------------------------------------------------------
Start Handling Custom Attributes
---------------------------------------------------------------------------------
---------------------------------------------------------------------------------
Finished Handling Custom Attributes : Time (s): cpu = 00:00:42 ; elapsed = 00:00:43 . Memory (MB): peak = 927.270 ; gain = 432.094
---------------------------------------------------------------------------------
---------------------------------------------------------------------------------
Start Renaming Generated Nets
---------------------------------------------------------------------------------
---------------------------------------------------------------------------------
Finished Renaming Generated Nets : Time (s): cpu = 00:00:42 ; elapsed = 00:00:43 . Memory (MB): peak = 927.270 ; gain = 432.094
---------------------------------------------------------------------------------
---------------------------------------------------------------------------------
Start Writing Synthesis Report
---------------------------------------------------------------------------------

Report BlackBoxes: 
+-+--------------+----------+
| |BlackBox name |Instances |
+-+--------------+----------+
+-+--------------+----------+

Report Cell Usage: 
+------+---------+------+
|      |Cell     |Count |
+------+---------+------+
|1     |BUFG     |     4|
|2     |CARRY4   |    48|
|3     |DSP48E1  |     3|
|4     |LUT1     |     2|
|5     |LUT2     |    85|
|6     |LUT3     |    50|
|7     |LUT4     |    89|
|8     |LUT5     |   294|
|9     |LUT6     |   880|
|10    |MUXF7    |   446|
|11    |MUXF8    |   128|
|12    |RAM64X1S |    32|
|13    |FDCE     |    32|
|14    |FDRE     |  1092|
|15    |LD       |    67|
|16    |IBUF     |    12|
|17    |OBUF     |    13|
+------+---------+------+

Report Instance Areas: 
+------+-------------------+-----------------+------+
|      |Instance           |Module           |Cells |
+------+-------------------+-----------------+------+
|1     |top                |                 |  3277|
|2     |  bd               |button_debouncer |    20|
|3     |  clk_gen          |clk_gen          |    56|
|4     |  led_mux          |led_mux          |    29|
|5     |  mips_top         |mips_top         |  3113|
|6     |    dmem           |dmem             |    32|
|7     |    mips           |mips             |  3081|
|8     |      cu           |controlunit      |   101|
|9     |        ad         |auxdec           |   101|
|10    |      dp           |datapath         |  2980|
|11    |        alu        |alu              |   145|
|12    |        lo_reg     |reg_32           |    32|
|13    |        mult_mux   |mux2             |    32|
|14    |        pc_plus_4  |adder            |     8|
|15    |        pc_plus_br |adder_0          |     8|
|16    |        pc_reg     |dreg             |   372|
|17    |        rf         |regfile          |  2383|
+------+-------------------+-----------------+------+
---------------------------------------------------------------------------------
Finished Writing Synthesis Report : Time (s): cpu = 00:00:42 ; elapsed = 00:00:43 . Memory (MB): peak = 927.270 ; gain = 432.094
---------------------------------------------------------------------------------
Synthesis finished with 0 errors, 0 critical warnings and 35 warnings.
Synthesis Optimization Runtime : Time (s): cpu = 00:00:35 ; elapsed = 00:00:40 . Memory (MB): peak = 927.270 ; gain = 303.711
Synthesis Optimization Complete : Time (s): cpu = 00:00:42 ; elapsed = 00:00:43 . Memory (MB): peak = 927.270 ; gain = 432.094
INFO: [Project 1-571] Translating synthesized netlist
INFO: [Netlist 29-17] Analyzing 724 Unisim elements for replacement
INFO: [Netlist 29-28] Unisim Transformation completed in 0 CPU seconds
INFO: [Project 1-570] Preparing netlist for logic optimization
INFO: [Opt 31-138] Pushed 0 inverter(s) to 0 load pin(s).
Netlist sorting complete. Time (s): cpu = 00:00:00 ; elapsed = 00:00:00 . Memory (MB): peak = 927.270 ; gain = 0.000
INFO: [Project 1-111] Unisim Transformation Summary:
  A total of 99 instances were transformed.
  LD => LDCE: 67 instances
  RAM64X1S => RAM64X1S (RAMS64E): 32 instances

INFO: [Common 17-83] Releasing license: Synthesis
62 Infos, 55 Warnings, 0 Critical Warnings and 0 Errors encountered.
synth_design completed successfully
synth_design: Time (s): cpu = 00:00:47 ; elapsed = 00:00:50 . Memory (MB): peak = 927.270 ; gain = 637.004
Netlist sorting complete. Time (s): cpu = 00:00:00 ; elapsed = 00:00:00.001 . Memory (MB): peak = 927.270 ; gain = 0.000
WARNING: [Constraints 18-5210] No constraints selected for write.
Resolution: This message can indicate that there are no constraints for the design, or it can indicate that the used_in flags are set such that the constraints are ignored. This later case is used when running synth_design to not write synthesis constraints to the resulting checkpoint. Instead, project constraints are read when the synthesized design is opened.
INFO: [Common 17-1381] The checkpoint 'C:/Users/aliza/Documents/cmpe_140/assignment_6/assignment_6.runs/synth_1/mips_fpga.dcp' has been generated.
INFO: [runtcl-4] Executing : report_utilization -file mips_fpga_utilization_synth.rpt -pb mips_fpga_utilization_synth.pb
INFO: [Common 17-206] Exiting Vivado at Sat Apr 18 05:15:23 2020...
